<?xml version="1.0" encoding="UTF-8"?>
<testng-results ignored="0" total="1" passed="1" failed="0" skipped="0">
  <reporter-output>
  </reporter-output>
  <suite started-at="2023-12-07T16:13:26 IST" name="Suite" finished-at="2023-12-07T16:13:30 IST" duration-ms="3675">
    <groups>
    </groups>
    <test started-at="2023-12-07T16:13:26 IST" name="Test" finished-at="2023-12-07T16:13:30 IST" duration-ms="3675">
      <class name="SwagLabs.Products.CompleteTest">
        <test-method signature="CompleteRun()[pri:0, instance:SwagLabs.Products.CompleteTest@393671df]" started-at="2023-12-07T16:13:26 IST" name="CompleteRun" finished-at="2023-12-07T16:13:30 IST" duration-ms="3643" status="PASS">
          <reporter-output>
          </reporter-output>
        </test-method> <!-- CompleteRun -->
      </class> <!-- SwagLabs.Products.CompleteTest -->
    </test> <!-- Test -->
  </suite> <!-- Suite -->
</testng-results>
