<?xml version="1.0" encoding="UTF-8"?>
<testng-results ignored="0" total="1" passed="1" failed="0" skipped="0">
  <reporter-output>
  </reporter-output>
  <suite started-at="2023-12-07T00:03:05 IST" name="Default suite" finished-at="2023-12-07T00:03:08 IST" duration-ms="3358">
    <groups>
      <group name="cucumber">
        <method signature="AbstractTestNGCucumberTests.runScenario(io.cucumber.testng.PickleWrapper,io.cucumber.testng.FeatureWrapper)[pri:0, instance:SwagLabs.Cucumber.CucumberRunner@27406a17]" name="runScenario" class="io.cucumber.testng.AbstractTestNGCucumberTests"/>
      </group> <!-- cucumber -->
    </groups>
    <test started-at="2023-12-07T00:03:05 IST" name="Default test" finished-at="2023-12-07T00:03:08 IST" duration-ms="3358">
      <class name="SwagLabs.Cucumber.CucumberRunner">
        <test-method is-config="true" signature="setUpClass(org.testng.ITestContext)[pri:0, instance:SwagLabs.Cucumber.CucumberRunner@27406a17]" started-at="2023-12-07T00:03:05 IST" name="setUpClass" finished-at="2023-12-07T00:03:05 IST" duration-ms="432" status="PASS">
          <params>
            <param index="0">
              <value>
                <![CDATA[org.testng.TestRunner@7f6874f2]]>
              </value>
            </param>
          </params>
          <reporter-output>
          </reporter-output>
        </test-method> <!-- setUpClass -->
        <test-method signature="runScenario(io.cucumber.testng.PickleWrapper,io.cucumber.testng.FeatureWrapper)[pri:0, instance:SwagLabs.Cucumber.CucumberRunner@27406a17]" started-at="2023-12-07T00:03:05 IST" name="runScenario" description="Runs Cucumber Scenarios" data-provider="scenarios" finished-at="2023-12-07T00:03:08 IST" duration-ms="2861" status="PASS">
          <params>
            <param index="0">
              <value>
                <![CDATA["Purchase product from Swag Labs"]]>
              </value>
            </param>
            <param index="1">
              <value>
                <![CDATA["Swag Labs Automation"]]>
              </value>
            </param>
          </params>
          <reporter-output>
          </reporter-output>
        </test-method> <!-- runScenario -->
        <test-method is-config="true" signature="tearDownClass()[pri:0, instance:SwagLabs.Cucumber.CucumberRunner@27406a17]" started-at="2023-12-07T00:03:08 IST" name="tearDownClass" finished-at="2023-12-07T00:03:08 IST" duration-ms="33" status="PASS">
          <reporter-output>
          </reporter-output>
        </test-method> <!-- tearDownClass -->
      </class> <!-- SwagLabs.Cucumber.CucumberRunner -->
    </test> <!-- Default test -->
  </suite> <!-- Default suite -->
</testng-results>
